{
  "RSpec": {
    "coverage": {
      "/home/jmayeric-27968/code/labs/tic-tac-toe-rb-bootcamp-prep-000/lib/tic_tac_toe.rb": [
        1,
        null,
        null,
        null,
        null,
        null,
        null,
        null,
        null,
        null,
        null,
        1,
        25,
        25,
        25,
        25,
        25,
        null,
        null,
        1,
        56843,
        null,
        null,
        1,
        27,
        null,
        null,
        1,
        56850,
        56843,
        56840,
        56840,
        23,
        23,
        null,
        56817,
        null,
        null,
        null,
        1,
        0,
        0,
        null,
        0,
        null,
        null,
        null,
        1,
        56845,
        null,
        null,
        1,
        56843,
        null,
        null,
        1,
        12,
        33,
        null,
        null,
        null,
        1,
        2,
        2,
        2,
        18,
        5,
        5,
        null,
        13,
        null,
        null,
        2,
        null,
        null,
        1,
        1,
        null,
        null,
        1,
        null,
        1,
        13,
        13,
        13,
        13,
        13,
        13,
        104,
        104,
        312,
        107,
        null,
        null,
        104,
        0,
        0,
        null,
        104,
        104,
        null,
        null,
        13,
        0,
        0,
        null,
        13,
        13,
        13,
        97,
        97,
        291,
        155,
        null,
        null,
        97,
        4,
        4,
        null,
        93,
        93,
        null,
        null,
        13,
        4,
        4,
        null,
        9,
        null,
        null,
        null,
        null,
        1,
        6,
        33,
        null,
        null,
        null,
        1,
        6,
        2,
        4,
        2,
        null,
        null,
        null,
        1,
        3,
        1,
        2,
        1,
        1,
        0,
        null,
        1,
        null,
        null,
        null,
        1,
        3,
        3,
        3,
        3,
        3,
        3,
        21,
        21,
        63,
        10,
        null,
        null,
        21,
        1,
        1,
        null,
        20,
        20,
        null,
        null,
        3,
        1,
        null,
        2,
        2,
        2,
        15,
        15,
        45,
        15,
        null,
        null,
        15,
        1,
        1,
        null,
        14,
        14,
        null,
        null,
        2,
        1,
        null,
        null,
        null,
        null,
        null
      ]
    },
    "timestamp": 1476392099
  }
}
